Using pre-set license
Built from '2022.1/staging' branch; Version is '2022.1.22f1 (6b6e9fc2adda) revision 7040671'; Using compiler version '192829333'; Build Type 'Release'
OS: 'Windows 10  (10.0.19045) 64bit Education' Language: 'en' Physical Memory: 32477 MB
BatchMode: 1, IsHumanControllingUs: 0, StartBugReporterOnCrash: 0, Is64bit: 1, IsPro: 1

COMMAND LINE ARGUMENTS:
C:\Program Files\Unity\Editor\Unity.exe
-adb2
-batchMode
-noUpm
-name
AssetImportWorker0
-projectPath
E:/VGD/Dylan/Q4/Q4
-logFile
Logs/AssetImportWorker0.log
-srvPort
54602
Successfully changed project path to: E:/VGD/Dylan/Q4/Q4
E:/VGD/Dylan/Q4/Q4
[UnityMemory] Configuration Parameters - Can be set up in boot.config
    "memorysetup-bucket-allocator-granularity=16"
    "memorysetup-bucket-allocator-bucket-count=8"
    "memorysetup-bucket-allocator-block-size=33554432"
    "memorysetup-bucket-allocator-block-count=8"
    "memorysetup-main-allocator-block-size=16777216"
    "memorysetup-thread-allocator-block-size=16777216"
    "memorysetup-gfx-main-allocator-block-size=16777216"
    "memorysetup-gfx-thread-allocator-block-size=16777216"
    "memorysetup-cache-allocator-block-size=4194304"
    "memorysetup-typetree-allocator-block-size=2097152"
    "memorysetup-profiler-bucket-allocator-granularity=16"
    "memorysetup-profiler-bucket-allocator-bucket-count=8"
    "memorysetup-profiler-bucket-allocator-block-size=33554432"
    "memorysetup-profiler-bucket-allocator-block-count=8"
    "memorysetup-profiler-allocator-block-size=16777216"
    "memorysetup-profiler-editor-allocator-block-size=1048576"
    "memorysetup-temp-allocator-size-main=16777216"
    "memorysetup-job-temp-allocator-block-size=2097152"
    "memorysetup-job-temp-allocator-block-size-background=1048576"
    "memorysetup-job-temp-allocator-reduction-small-platforms=262144"
    "memorysetup-temp-allocator-size-background-worker=32768"
    "memorysetup-temp-allocator-size-job-worker=262144"
    "memorysetup-temp-allocator-size-preload-manager=33554432"
    "memorysetup-temp-allocator-size-nav-mesh-worker=65536"
    "memorysetup-temp-allocator-size-audio-worker=65536"
    "memorysetup-temp-allocator-size-cloud-worker=32768"
    "memorysetup-temp-allocator-size-gi-baking-worker=262144"
    "memorysetup-temp-allocator-size-gfx=262144"
Refreshing native plugins compatible for Editor in 57.13 ms, found 3 plugins.
Preloading 0 native plugins for Editor in 0.00 ms.
Initialize engine version: 2022.1.22f1 (6b6e9fc2adda)
[Subsystems] Discovering subsystems at path C:/Program Files/Unity/Editor/Data/Resources/UnitySubsystems
[Subsystems] Discovering subsystems at path E:/VGD/Dylan/Q4/Q4/Assets
GfxDevice: creating device client; threaded=0; jobified=0
Direct3D:
    Version:  Direct3D 11.0 [level 11.1]
    Renderer: NVIDIA GeForce RTX 2060 SUPER (ID=0x1f06)
    Vendor:   NVIDIA
    VRAM:     8019 MB
    Driver:   31.0.15.3619
Initialize mono
Mono path[0] = 'C:/Program Files/Unity/Editor/Data/Managed'
Mono path[1] = 'C:/Program Files/Unity/Editor/Data/MonoBleedingEdge/lib/mono/unityjit-win32'
Mono config path = 'C:/Program Files/Unity/Editor/Data/MonoBleedingEdge/etc'
Using monoOptions --debugger-agent=transport=dt_socket,embedding=1,server=y,suspend=n,address=127.0.0.1:56888
Begin MonoManager ReloadAssembly
Registering precompiled unity dll's ...
Register platform support module: C:/Program Files/Unity/Editor/Data/PlaybackEngines/WebGLSupport/UnityEditor.WebGL.Extensions.dll
Register platform support module: C:/Program Files/Unity/Editor/Data/PlaybackEngines/AndroidPlayer/UnityEditor.Android.Extensions.dll
Register platform support module: C:/Program Files/Unity/Editor/Data/PlaybackEngines/WindowsStandaloneSupport/UnityEditor.WindowsStandalone.Extensions.dll
Registered in 0.004098 seconds.
Native extension for WindowsStandalone target not found
Native extension for Android target not found
Native extension for WebGL target not found
Refreshing native plugins compatible for Editor in 58.14 ms, found 3 plugins.
Preloading 0 native plugins for Editor in 0.00 ms.
Mono: successfully reloaded assembly
- Completed reload, in  0.586 seconds
Domain Reload Profiling:
	ReloadAssembly (587ms)
		BeginReloadAssembly (64ms)
			ExecutionOrderSort (0ms)
			DisableScriptedObjects (0ms)
			BackupInstance (0ms)
			ReleaseScriptingObjects (0ms)
			CreateAndSetChildDomain (1ms)
		EndReloadAssembly (428ms)
			LoadAssemblies (62ms)
			RebuildTransferFunctionScriptingTraits (0ms)
			SetupTypeCache (104ms)
				TypeCache.Initialize (104ms)
					TypeCache.ScanAssembly (103ms)
				ResolveRequiredComponents (0ms)
			ReleaseScriptCaches (0ms)
			RebuildScriptCaches (25ms)
			SetupLoadedEditorAssemblies (253ms)
				LogAssemblyErrors (0ms)
				InitializePlatformSupportModulesInManaged (39ms)
				SetLoadedEditorAssemblies (6ms)
				RefreshPlugins (58ms)
				BeforeProcessingInitializeOnLoad (1ms)
				ProcessInitializeOnLoadAttributes (103ms)
				ProcessInitializeOnLoadMethodAttributes (46ms)
				AfterProcessingInitializeOnLoad (0ms)
				EditorAssembliesLoaded (0ms)
			ExecutionOrderSort2 (0ms)
			AwakeInstancesAfterBackupRestoration (0ms)
Platform modules already initialized, skipping
Registering precompiled user dll's ...
Registered in 0.003407 seconds.
Begin MonoManager ReloadAssembly
Symbol file LoadedFromMemory doesn't match image E:\VGD\Dylan\Q4\Q4\Library\PackageCache\com.unity.visualscripting@1.7.8\Editor\VisualScripting.Core\Dependencies\YamlDotNet\Unity.VisualScripting.YamlDotNet.dll
Symbol file LoadedFromMemory doesn't match image E:\VGD\Dylan\Q4\Q4\Library\PackageCache\com.unity.visualscripting@1.7.8\Editor\VisualScripting.Core\Dependencies\DotNetZip\Unity.VisualScripting.IonicZip.dll
Native extension for WindowsStandalone target not found
Native extension for Android target not found
Native extension for WebGL target not found
Refreshing native plugins compatible for Editor in 0.51 ms, found 3 plugins.
Preloading 0 native plugins for Editor in 0.00 ms.
Mono: successfully reloaded assembly
- Completed reload, in  0.890 seconds
Domain Reload Profiling:
	ReloadAssembly (891ms)
		BeginReloadAssembly (109ms)
			ExecutionOrderSort (0ms)
			DisableScriptedObjects (6ms)
			BackupInstance (0ms)
			ReleaseScriptingObjects (0ms)
			CreateAndSetChildDomain (18ms)
		EndReloadAssembly (682ms)
			LoadAssemblies (70ms)
			RebuildTransferFunctionScriptingTraits (0ms)
			SetupTypeCache (210ms)
				TypeCache.Initialize (206ms)
					TypeCache.ScanAssembly (203ms)
				ResolveRequiredComponents (4ms)
			ReleaseScriptCaches (1ms)
			RebuildScriptCaches (42ms)
			SetupLoadedEditorAssemblies (321ms)
				LogAssemblyErrors (0ms)
				InitializePlatformSupportModulesInManaged (13ms)
				SetLoadedEditorAssemblies (6ms)
				RefreshPlugins (1ms)
				BeforeProcessingInitializeOnLoad (63ms)
				ProcessInitializeOnLoadAttributes (207ms)
				ProcessInitializeOnLoadMethodAttributes (27ms)
				AfterProcessingInitializeOnLoad (5ms)
				EditorAssembliesLoaded (0ms)
			ExecutionOrderSort2 (0ms)
			AwakeInstancesAfterBackupRestoration (5ms)
Platform modules already initialized, skipping
========================================================================
Worker process is ready to serve import requests
Launched and connected shader compiler UnityShaderCompiler.exe after 0.04 seconds
Refreshing native plugins compatible for Editor in 0.61 ms, found 3 plugins.
Preloading 0 native plugins for Editor in 0.00 ms.
Unloading 3277 Unused Serialized files (Serialized files now loaded: 0)
Unloading 25 unused Assets / (58.2 KB). Loaded Objects now: 3740.
Memory consumption went from 503.2 MB to 503.1 MB.
Total: 2.662700 ms (FindLiveObjects: 0.253900 ms CreateObjectMapping: 0.200300 ms MarkObjects: 2.143400 ms  DeleteObjects: 0.064000 ms)

AssetImportParameters requested are different than current active one (requested -> active):
  custom:video-decoder-ogg-theora: a1e56fd34408186e4bbccfd4996cb3dc -> 
  custom:container-muxer-webm: aa71ff27fc2769a1b78a27578f13a17b -> 
  custom:container-demuxer-webm: 4f35f7cbe854078d1ac9338744f61a02 -> 
  custom:video-encoder-webm-vp8: eb34c28f22e8b96e1ab97ce403110664 -> 
  custom:audio-encoder-webm-vorbis: bf7c407c2cedff20999df2af8eb42d56 -> 
  custom:framework-win-MediaFoundation: 216162199b28c13a410421893ffa2e32 -> 
  custom:container-demuxer-ogg: 62fdf1f143b41e24485cea50d1cbac27 -> 
  custom:video-decoder-webm-vp8: 9c59270c3fd7afecdb556c50c9e8de78 -> 
  custom:audio-decoder-ogg-vorbis: bf7c407c2cedff20999df2af8eb42d56 -> 
========================================================================
Received Import Request.
  Time since last request: 618205.221594 seconds.
  path: Assets/Scenes/WhiteBox.unity
  artifactKey: Guid(040bf0e89eb254a498dac2de670d1a81) Importer(815301076,1909f56bfc062723c751e8b465ee728b)
Start importing Assets/Scenes/WhiteBox.unity using Guid(040bf0e89eb254a498dac2de670d1a81) Importer(815301076,1909f56bfc062723c751e8b465ee728b)  -> (artifact id: 'a672bba995118e1205b9b1cf474e4758') in 0.007861 seconds 
========================================================================
Received Import Request.
  Time since last request: 1445.129598 seconds.
  path: Assets/Scenes/Game.unity
  artifactKey: Guid(c8778e0a0814fa34e988db846b0a0c81) Importer(815301076,1909f56bfc062723c751e8b465ee728b)
Start importing Assets/Scenes/Game.unity using Guid(c8778e0a0814fa34e988db846b0a0c81) Importer(815301076,1909f56bfc062723c751e8b465ee728b)  -> (artifact id: 'ca858c16497b4d073304e7d29686a6ea') in 0.007116 seconds 
========================================================================
Received Import Request.
  Time since last request: 518.544178 seconds.
  path: Assets/Art
  artifactKey: Guid(98c93b1f65ac6c74382ca37276bf26f6) Importer(815301076,1909f56bfc062723c751e8b465ee728b)
Start importing Assets/Art using Guid(98c93b1f65ac6c74382ca37276bf26f6) Importer(815301076,1909f56bfc062723c751e8b465ee728b)  -> (artifact id: '8445b56e0b37d210fc48a10bd6cacfb4') in 0.008587 seconds 
========================================================================
Received Import Request.
  Time since last request: 1.193868 seconds.
  path: Assets/Game
  artifactKey: Guid(aae74263548e120459a60c8c38c049d0) Importer(815301076,1909f56bfc062723c751e8b465ee728b)
Start importing Assets/Game using Guid(aae74263548e120459a60c8c38c049d0) Importer(815301076,1909f56bfc062723c751e8b465ee728b)  -> (artifact id: 'ecf04661d30eddf9aa4c2c4eba5b30b5') in 0.008173 seconds 
========================================================================
Received Import Request.
  Time since last request: 1.676225 seconds.
  path: Assets/Game/Player
  artifactKey: Guid(5d5a0065bffb2234891bfc526a524c59) Importer(815301076,1909f56bfc062723c751e8b465ee728b)
Start importing Assets/Game/Player using Guid(5d5a0065bffb2234891bfc526a524c59) Importer(815301076,1909f56bfc062723c751e8b465ee728b)  -> (artifact id: '5b453785afaa6032717e5b0aef988984') in 0.007433 seconds 
========================================================================
Received Import Request.
  Time since last request: 3.055407 seconds.
  path: Assets/Game/Player/PlayerReferenceScale.prefab
  artifactKey: Guid(505fbaeecf442494387f14913fc4ff8b) Importer(815301076,1909f56bfc062723c751e8b465ee728b)
Start importing Assets/Game/Player/PlayerReferenceScale.prefab using Guid(505fbaeecf442494387f14913fc4ff8b) Importer(815301076,1909f56bfc062723c751e8b465ee728b)  -> (artifact id: 'bb86ee912e34a3b813c906067708e3a0') in 0.311540 seconds 
========================================================================
Received Import Request.
  Time since last request: 863.850533 seconds.
  path: Assets/Game/Player/PlaceholderEnemy.mat
  artifactKey: Guid(1aa1fef4da117a4488ee5f14ba84bc87) Importer(815301076,1909f56bfc062723c751e8b465ee728b)
Start importing Assets/Game/Player/PlaceholderEnemy.mat using Guid(1aa1fef4da117a4488ee5f14ba84bc87) Importer(815301076,1909f56bfc062723c751e8b465ee728b)  -> (artifact id: 'd7f21cdddf2e92b7e422caf6c5d1b8ce') in 0.103428 seconds 
========================================================================
Received Import Request.
  Time since last request: 34.909593 seconds.
  path: Assets/Misc/TestEmissionMat
  artifactKey: Guid(e4db49ffb5f847042b433d09cceb924b) Importer(815301076,1909f56bfc062723c751e8b465ee728b)
Start importing Assets/Misc/TestEmissionMat using Guid(e4db49ffb5f847042b433d09cceb924b) Importer(815301076,1909f56bfc062723c751e8b465ee728b)  -> (artifact id: '49e413bea799877655113949b987825f') in 0.007695 seconds 
========================================================================
Received Import Request.
  Time since last request: 0.074964 seconds.
  path: Assets/Misc/TestEmissionMat/RedEmission.mat
  artifactKey: Guid(341e6c2e98241a947b20fc408e08924c) Importer(815301076,1909f56bfc062723c751e8b465ee728b)
Start importing Assets/Misc/TestEmissionMat/RedEmission.mat using Guid(341e6c2e98241a947b20fc408e08924c) Importer(815301076,1909f56bfc062723c751e8b465ee728b)  -> (artifact id: '2ee5d0368472105de6bb62e6ff1b6b88') in 0.018748 seconds 
========================================================================
Received Import Request.
  Time since last request: 31.655624 seconds.
  path: Assets/HDRP/HDRP Balanced.asset
  artifactKey: Guid(3e2e6bfc59709614ab90c0cd7d755e48) Importer(815301076,1909f56bfc062723c751e8b465ee728b)
Start importing Assets/HDRP/HDRP Balanced.asset using Guid(3e2e6bfc59709614ab90c0cd7d755e48) Importer(815301076,1909f56bfc062723c751e8b465ee728b)  -> (artifact id: '7421b1654eb73b33c0fd6ccab01c88a0') in 0.009043 seconds 
========================================================================
Received Import Request.
  Time since last request: 0.000015 seconds.
  path: Assets/HDRP/HDRP Performant.asset
  artifactKey: Guid(168a2336534e4e043b2a210b6f8d379a) Importer(815301076,1909f56bfc062723c751e8b465ee728b)
Start importing Assets/HDRP/HDRP Performant.asset using Guid(168a2336534e4e043b2a210b6f8d379a) Importer(815301076,1909f56bfc062723c751e8b465ee728b)  -> (artifact id: 'df3cac45644fab13085860dbcb7f4f78') in 0.368382 seconds 
========================================================================
Received Import Request.
  Time since last request: 11.144452 seconds.
  path: Assets/Game/Player/Whiteboxing
  artifactKey: Guid(52df655b2272b364591f0c7febd35a3d) Importer(815301076,1909f56bfc062723c751e8b465ee728b)
Start importing Assets/Game/Player/Whiteboxing using Guid(52df655b2272b364591f0c7febd35a3d) Importer(815301076,1909f56bfc062723c751e8b465ee728b)  -> (artifact id: '3d53725f819404596035cd427faf34ae') in 0.080684 seconds 
========================================================================
Received Import Request.
  Time since last request: 113.208159 seconds.
  path: Assets/Game/Whiteboxing/EnemyPlaceholder.prefab
  artifactKey: Guid(25cc950b6fc7b2847ba491e59e89be6e) Importer(815301076,1909f56bfc062723c751e8b465ee728b)
Start importing Assets/Game/Whiteboxing/EnemyPlaceholder.prefab using Guid(25cc950b6fc7b2847ba491e59e89be6e) Importer(815301076,1909f56bfc062723c751e8b465ee728b)  -> (artifact id: '748ffb716414f9bcc5160d16996e9048') in 0.019680 seconds 
========================================================================
Received Import Request.
  Time since last request: 33.522333 seconds.
  path: Assets/Game/Whiteboxing/EnemyPlaceholder.prefab
  artifactKey: Guid(25cc950b6fc7b2847ba491e59e89be6e) Importer(815301076,1909f56bfc062723c751e8b465ee728b)
Start importing Assets/Game/Whiteboxing/EnemyPlaceholder.prefab using Guid(25cc950b6fc7b2847ba491e59e89be6e) Importer(815301076,1909f56bfc062723c751e8b465ee728b)  -> (artifact id: 'ea988667d1e6d354b4962de76e3ee805') in 0.012556 seconds 
========================================================================
Received Import Request.
  Time since last request: 57.799957 seconds.
  path: Assets/Game/Whiteboxing/New Material.mat
  artifactKey: Guid(42328e6eb467781429a1380d0e62f0c2) Importer(815301076,1909f56bfc062723c751e8b465ee728b)
Start importing Assets/Game/Whiteboxing/New Material.mat using Guid(42328e6eb467781429a1380d0e62f0c2) Importer(815301076,1909f56bfc062723c751e8b465ee728b)  -> (artifact id: 'a8acbcca85bf8e8b79cf0ea5a23c94f8') in 0.013313 seconds 
========================================================================
Received Import Request.
  Time since last request: 17.746613 seconds.
  path: Assets/Game/Whiteboxing/ShootEnemy.mat
  artifactKey: Guid(42328e6eb467781429a1380d0e62f0c2) Importer(815301076,1909f56bfc062723c751e8b465ee728b)
Start importing Assets/Game/Whiteboxing/ShootEnemy.mat using Guid(42328e6eb467781429a1380d0e62f0c2) Importer(815301076,1909f56bfc062723c751e8b465ee728b)  -> (artifact id: '22de79f577a2f88e93d5995630925df9') in 0.556991 seconds 
========================================================================
Received Import Request.
  Time since last request: 3.791638 seconds.
  path: Assets/Game/Whiteboxing/ShootEnemyPlaceholder.prefab
  artifactKey: Guid(f5c94d949eff9f5448891659dea5452d) Importer(815301076,1909f56bfc062723c751e8b465ee728b)
Start importing Assets/Game/Whiteboxing/ShootEnemyPlaceholder.prefab using Guid(f5c94d949eff9f5448891659dea5452d) Importer(815301076,1909f56bfc062723c751e8b465ee728b)  -> (artifact id: '1a45cbeb27297812481bd157ef81c466') in 0.013721 seconds 
========================================================================
Received Import Request.
  Time since last request: 2090.799090 seconds.
  path: Assets/Game/Whiteboxing/EnemyPlaceholder.prefab
  artifactKey: Guid(25cc950b6fc7b2847ba491e59e89be6e) Importer(815301076,1909f56bfc062723c751e8b465ee728b)
Start importing Assets/Game/Whiteboxing/EnemyPlaceholder.prefab using Guid(25cc950b6fc7b2847ba491e59e89be6e) Importer(815301076,1909f56bfc062723c751e8b465ee728b)  -> (artifact id: '54847e7db9f7ed41fc432f042423f9e6') in 0.014647 seconds 
========================================================================
Received Import Request.
  Time since last request: 529.684094 seconds.
  path: Assets/Scenes/WhiteBox.unity
  artifactKey: Guid(040bf0e89eb254a498dac2de670d1a81) Importer(815301076,1909f56bfc062723c751e8b465ee728b)
Start importing Assets/Scenes/WhiteBox.unity using Guid(040bf0e89eb254a498dac2de670d1a81) Importer(815301076,1909f56bfc062723c751e8b465ee728b)  -> (artifact id: '922f9d15585ca4b2e8b9ece7f316ada8') in 0.007458 seconds 
========================================================================
Received Import Request.
  Time since last request: 2.433601 seconds.
  path: Assets/Scenes/WhiteBox.unity
  artifactKey: Guid(040bf0e89eb254a498dac2de670d1a81) Importer(815301076,1909f56bfc062723c751e8b465ee728b)
Start importing Assets/Scenes/WhiteBox.unity using Guid(040bf0e89eb254a498dac2de670d1a81) Importer(815301076,1909f56bfc062723c751e8b465ee728b)  -> (artifact id: '82d6f259bdabbb267bcafc5efb9cdd5d') in 0.001441 seconds 
